[32m[Nest] 21276  - [39m02/04/2026, 15:04:25 [32m    LOG[39m [38;5;3m[RouterExplorer] [39m[32mMapped {/, GET} route[39m[38;5;3m +4ms[39m
[32m[Nest] 21276  - [39m02/04/2026, 15:04:25 [32m    LOG[39m [38;5;3m[RoutesResolver] [39m[32mTransferController {/transfers}:[39m[38;5;3m +0ms[39m
[32m[Nest] 21276  - [39m02/04/2026, 15:04:25 [32m    LOG[39m [38;5;3m[RouterExplorer] [39m[32mMapped {/transfers/:id, POST} route[39m[38;5;3m +2ms[39m
[32m[Nest] 21276  - [39m02/04/2026, 15:04:25 [32m    LOG[39m [38;5;3m[RoutesResolver] [39m[32mWalletController {/wallets}:[39m[38;5;3m +0ms[39m
[32m[Nest] 21276  - [39m02/04/2026, 15:04:25 [32m    LOG[39m [38;5;3m[RouterExplorer] [39m[32mMapped {/wallets, POST} route[39m[38;5;3m +1ms[39m
[32m[Nest] 21276  - [39m02/04/2026, 15:04:25 [32m    LOG[39m [38;5;3m[RouterExplorer] [39m[32mMapped {/wallets/seed, POST} route[39m[38;5;3m +1ms[39m
[32m[Nest] 21276  - [39m02/04/2026, 15:04:25 [32m    LOG[39m [38;5;3m[RouterExplorer] [39m[32mMapped {/wallets, GET} route[39m[38;5;3m +0ms[39m
[32m[Nest] 21276  - [39m02/04/2026, 15:04:25 [32m    LOG[39m [38;5;3m[RouterExplorer] [39m[32mMapped {/wallets/:id, GET} route[39m[38;5;3m +0ms[39m
[32m[Nest] 21276  - [39m02/04/2026, 15:04:25 [32m    LOG[39m [38;5;3m[RoutesResolver] [39m[32mTransferReadController {/transfers}:[39m[38;5;3m +1ms[39m
[32m[Nest] 21276  - [39m02/04/2026, 15:04:25 [32m    LOG[39m [38;5;3m[RouterExplorer] [39m[32mMapped {/transfers/:id, GET} route[39m[38;5;3m +1ms[39m
[32m[Nest] 21276  - [39m02/04/2026, 15:04:25 [32m    LOG[39m [38;5;3m[NestApplication] [39m[32mNest application successfully started[39m[38;5;3m +7ms[39m
query: SELECT "TransferSaga"."transferId" AS "TransferSaga_transferId", "TransferSaga"."step" AS "TransferSaga_step", "TransferSaga"."dto" AS "TransferSaga_dto", "TransferSaga"."errorMessage" AS "TransferSaga_errorMessage", "TransferSaga"."version" AS "TransferSaga_version", "TransferSaga"."createdAt" AS "TransferSaga_createdAt", "TransferSaga"."updatedAt" AS "TransferSaga_updatedAt" FROM "transfer_sagas" "TransferSaga" WHERE (("TransferSaga"."transferId" = $1)) LIMIT 1 -- PARAMETERS: ["T-001"]
query: SELECT "TransferReadModel"."transferId" AS "TransferReadModel_transferId", "TransferReadModel"."status" AS "TransferReadModel_status", "TransferReadModel"."fromWallet" AS "TransferReadModel_fromWallet", "TransferReadModel"."toWallet" AS "TransferReadModel_toWallet", "TransferReadModel"."amount" AS "TransferReadModel_amount", "TransferReadModel"."failureReason" AS "TransferReadModel_failureReason", "TransferReadModel"."lastEventVersion" AS "TransferReadModel_lastEventVersion", "TransferReadModel"."createdAt" AS "TransferReadModel_createdAt", "TransferReadModel"."updatedAt" AS "TransferReadModel_updatedAt" FROM "transfer_read_model" "TransferReadModel" WHERE (("TransferReadModel"."transferId" = $1)) LIMIT 1 -- PARAMETERS: ["T-001"]
query: SELECT "TransferSaga"."transferId" AS "TransferSaga_transferId", "TransferSaga"."step" AS "TransferSaga_step", "TransferSaga"."dto" AS "TransferSaga_dto", "TransferSaga"."errorMessage" AS "TransferSaga_errorMessage", "TransferSaga"."version" AS "TransferSaga_version", "TransferSaga"."createdAt" AS "TransferSaga_createdAt", "TransferSaga"."updatedAt" AS "TransferSaga_updatedAt" FROM "transfer_sagas" "TransferSaga" WHERE (("TransferSaga"."transferId" = $1)) LIMIT 1 -- PARAMETERS: ["T-fail-1"]
query: SELECT "TransferReadModel"."transferId" AS "TransferReadModel_transferId", "TransferReadModel"."status" AS "TransferReadModel_status", "TransferReadModel"."fromWallet" AS "TransferReadModel_fromWallet", "TransferReadModel"."toWallet" AS "TransferReadModel_toWallet", "TransferReadModel"."amount" AS "TransferReadModel_amount", "TransferReadModel"."failureReason" AS "TransferReadModel_failureReason", "TransferReadModel"."lastEventVersion" AS "TransferReadModel_lastEventVersion", "TransferReadModel"."createdAt" AS "TransferReadModel_createdAt", "TransferReadModel"."updatedAt" AS "TransferReadModel_updatedAt" FROM "transfer_read_model" "TransferReadModel" WHERE (("TransferReadModel"."transferId" = $1)) LIMIT 1 -- PARAMETERS: ["T-fail-1"]
query: SELECT "Wallet"."id" AS "Wallet_id", "Wallet"."balance" AS "Wallet_balance", "Wallet"."currency" AS "Wallet_currency", "Wallet"."version" AS "Wallet_version" FROM "wallets" "Wallet" WHERE "Wallet"."id" IN ($1, $2) -- PARAMETERS: ["W-A","W-B"]
query: START TRANSACTION
query: UPDATE "wallets" SET "balance" = $1, "version" = $2 WHERE "id" IN ($3) RETURNING "version" -- PARAMETERS: [1000,1,"W-A"]
query: UPDATE "wallets" SET "balance" = $1, "version" = $2 WHERE "id" IN ($3) RETURNING "version" -- PARAMETERS: [0,1,"W-B"]
query: COMMIT
query: SELECT "TransferSaga"."transferId" AS "TransferSaga_transferId", "TransferSaga"."step" AS "TransferSaga_step", "TransferSaga"."dto" AS "TransferSaga_dto", "TransferSaga"."errorMessage" AS "TransferSaga_errorMessage", "TransferSaga"."version" AS "TransferSaga_version", "TransferSaga"."createdAt" AS "TransferSaga_createdAt", "TransferSaga"."updatedAt" AS "TransferSaga_updatedAt" FROM "transfer_sagas" "TransferSaga" WHERE (("TransferSaga"."transferId" = $1)) LIMIT 1 -- PARAMETERS: ["T-CONC-1"]
query: SELECT "TransferSaga"."transferId" AS "TransferSaga_transferId", "TransferSaga"."step" AS "TransferSaga_step", "TransferSaga"."dto" AS "TransferSaga_dto", "TransferSaga"."errorMessage" AS "TransferSaga_errorMessage", "TransferSaga"."version" AS "TransferSaga_version", "TransferSaga"."createdAt" AS "TransferSaga_createdAt", "TransferSaga"."updatedAt" AS "TransferSaga_updatedAt" FROM "transfer_sagas" "TransferSaga" WHERE (("TransferSaga"."transferId" = $1)) LIMIT 1 -- PARAMETERS: ["T-CONC-2"]
query: SELECT "TransferSaga"."transferId" AS "TransferSaga_transferId", "TransferSaga"."step" AS "TransferSaga_step", "TransferSaga"."dto" AS "TransferSaga_dto", "TransferSaga"."errorMessage" AS "TransferSaga_errorMessage", "TransferSaga"."version" AS "TransferSaga_version", "TransferSaga"."createdAt" AS "TransferSaga_createdAt", "TransferSaga"."updatedAt" AS "TransferSaga_updatedAt" FROM "transfer_sagas" "TransferSaga" WHERE (("TransferSaga"."transferId" = $1)) LIMIT 1 -- PARAMETERS: ["T-CONC-3"]
query: SELECT "TransferSaga"."transferId" AS "TransferSaga_transferId", "TransferSaga"."step" AS "TransferSaga_step", "TransferSaga"."dto" AS "TransferSaga_dto", "TransferSaga"."errorMessage" AS "TransferSaga_errorMessage", "TransferSaga"."version" AS "TransferSaga_version", "TransferSaga"."createdAt" AS "TransferSaga_createdAt", "TransferSaga"."updatedAt" AS "TransferSaga_updatedAt" FROM "transfer_sagas" "TransferSaga" WHERE (("TransferSaga"."transferId" = $1)) LIMIT 1 -- PARAMETERS: ["T-CONC-4"]
query: SELECT "TransferSaga"."transferId" AS "TransferSaga_transferId", "TransferSaga"."step" AS "TransferSaga_step", "TransferSaga"."dto" AS "TransferSaga_dto", "TransferSaga"."errorMessage" AS "TransferSaga_errorMessage", "TransferSaga"."version" AS "TransferSaga_version", "TransferSaga"."createdAt" AS "TransferSaga_createdAt", "TransferSaga"."updatedAt" AS "TransferSaga_updatedAt" FROM "transfer_sagas" "TransferSaga" WHERE (("TransferSaga"."transferId" = $1)) LIMIT 1 -- PARAMETERS: ["T-CONC-5"]
query: SELECT "TransferSaga"."transferId" AS "TransferSaga_transferId", "TransferSaga"."step" AS "TransferSaga_step", "TransferSaga"."dto" AS "TransferSaga_dto", "TransferSaga"."errorMessage" AS "TransferSaga_errorMessage", "TransferSaga"."version" AS "TransferSaga_version", "TransferSaga"."createdAt" AS "TransferSaga_createdAt", "TransferSaga"."updatedAt" AS "TransferSaga_updatedAt" FROM "transfer_sagas" "TransferSaga" WHERE (("TransferSaga"."transferId" = $1)) LIMIT 1 -- PARAMETERS: ["T-CONC-6"]
query: SELECT "TransferSaga"."transferId" AS "TransferSaga_transferId", "TransferSaga"."step" AS "TransferSaga_step", "TransferSaga"."dto" AS "TransferSaga_dto", "TransferSaga"."errorMessage" AS "TransferSaga_errorMessage", "TransferSaga"."version" AS "TransferSaga_version", "TransferSaga"."createdAt" AS "TransferSaga_createdAt", "TransferSaga"."updatedAt" AS "TransferSaga_updatedAt" FROM "transfer_sagas" "TransferSaga" WHERE (("TransferSaga"."transferId" = $1)) LIMIT 1 -- PARAMETERS: ["T-CONC-7"]
query: SELECT "TransferSaga"."transferId" AS "TransferSaga_transferId", "TransferSaga"."step" AS "TransferSaga_step", "TransferSaga"."dto" AS "TransferSaga_dto", "TransferSaga"."errorMessage" AS "TransferSaga_errorMessage", "TransferSaga"."version" AS "TransferSaga_version", "TransferSaga"."createdAt" AS "TransferSaga_createdAt", "TransferSaga"."updatedAt" AS "TransferSaga_updatedAt" FROM "transfer_sagas" "TransferSaga" WHERE (("TransferSaga"."transferId" = $1)) LIMIT 1 -- PARAMETERS: ["T-CONC-8"]
query: SELECT "TransferSaga"."transferId" AS "TransferSaga_transferId", "TransferSaga"."step" AS "TransferSaga_step", "TransferSaga"."dto" AS "TransferSaga_dto", "TransferSaga"."errorMessage" AS "TransferSaga_errorMessage", "TransferSaga"."version" AS "TransferSaga_version", "TransferSaga"."createdAt" AS "TransferSaga_createdAt", "TransferSaga"."updatedAt" AS "TransferSaga_updatedAt" FROM "transfer_sagas" "TransferSaga" WHERE (("TransferSaga"."transferId" = $1)) LIMIT 1 -- PARAMETERS: ["T-CONC-9"]
query: SELECT "TransferSaga"."transferId" AS "TransferSaga_transferId", "TransferSaga"."step" AS "TransferSaga_step", "TransferSaga"."dto" AS "TransferSaga_dto", "TransferSaga"."errorMessage" AS "TransferSaga_errorMessage", "TransferSaga"."version" AS "TransferSaga_version", "TransferSaga"."createdAt" AS "TransferSaga_createdAt", "TransferSaga"."updatedAt" AS "TransferSaga_updatedAt" FROM "transfer_sagas" "TransferSaga" WHERE "TransferSaga"."transferId" IN ($1) -- PARAMETERS: ["T-CONC-9"]
query: START TRANSACTION
query: INSERT INTO "transfer_sagas"("transferId", "step", "dto", "errorMessage", "version", "createdAt", "updatedAt") VALUES ($1, $2, $3, DEFAULT, 1, DEFAULT, DEFAULT) RETURNING "step", "version", "createdAt", "updatedAt" -- PARAMETERS: ["T-CONC-9","STARTED","{\"fromWalletId\":\"W-A\",\"toWalletId\":\"W-B\",\"amount\":10,\"fromCurrency\":\"USD\",\"toCurrency\":\"PEN\"}"]
query: COMMIT
[95m[Nest] 15256  - [39m02/04/2026, 15:05:26 [95m  DEBUG[39m [38;5;3m[TransferReadModelProjector] [39m[95mProjecting TransferStartedEvent for T-CONC-9[39m
query: SELECT "TransferReadModel"."transferId" AS "TransferReadModel_transferId", "TransferReadModel"."status" AS "TransferReadModel_status", "TransferReadModel"."fromWallet" AS "TransferReadModel_fromWallet", "TransferReadModel"."toWallet" AS "TransferReadModel_toWallet", "TransferReadModel"."amount" AS "TransferReadModel_amount", "TransferReadModel"."failureReason" AS "TransferReadModel_failureReason", "TransferReadModel"."lastEventVersion" AS "TransferReadModel_lastEventVersion", "TransferReadModel"."createdAt" AS "TransferReadModel_createdAt", "TransferReadModel"."updatedAt" AS "TransferReadModel_updatedAt" FROM "transfer_read_model" "TransferReadModel" WHERE (("TransferReadModel"."transferId" = $1)) LIMIT 1 -- PARAMETERS: ["T-CONC-9"]
query: SELECT "TransferReadModel"."transferId" AS "TransferReadModel_transferId", "TransferReadModel"."status" AS "TransferReadModel_status", "TransferReadModel"."fromWallet" AS "TransferReadModel_fromWallet", "TransferReadModel"."toWallet" AS "TransferReadModel_toWallet", "TransferReadModel"."amount" AS "TransferReadModel_amount", "TransferReadModel"."failureReason" AS "TransferReadModel_failureReason", "TransferReadModel"."lastEventVersion" AS "TransferReadModel_lastEventVersion", "TransferReadModel"."createdAt" AS "TransferReadModel_createdAt", "TransferReadModel"."updatedAt" AS "TransferReadModel_updatedAt" FROM "transfer_read_model" "TransferReadModel" WHERE "TransferReadModel"."transferId" IN ($1) -- PARAMETERS: ["T-CONC-9"]
query: START TRANSACTION
query: INSERT INTO "transfer_read_model"("transferId", "status", "fromWallet", "toWallet", "amount", "failureReason", "lastEventVersion", "createdAt", "updatedAt") VALUES ($1, $2, $3, $4, $5, DEFAULT, $6, DEFAULT, DEFAULT) RETURNING "createdAt", "updatedAt" -- PARAMETERS: ["T-CONC-9","pending","W-A","W-B",10,1]
query: COMMIT
query: SELECT "TransferSaga"."transferId" AS "TransferSaga_transferId", "TransferSaga"."step" AS "TransferSaga_step", "TransferSaga"."dto" AS "TransferSaga_dto", "TransferSaga"."errorMessage" AS "TransferSaga_errorMessage", "TransferSaga"."version" AS "TransferSaga_version", "TransferSaga"."createdAt" AS "TransferSaga_createdAt", "TransferSaga"."updatedAt" AS "TransferSaga_updatedAt" FROM "transfer_sagas" "TransferSaga" WHERE (("TransferSaga"."transferId" = $1)) LIMIT 1 -- PARAMETERS: ["T-CONC-9"]
query: START TRANSACTION
query: SELECT "Wallet"."id" AS "Wallet_id", "Wallet"."balance" AS "Wallet_balance", "Wallet"."currency" AS "Wallet_currency", "Wallet"."version" AS "Wallet_version" FROM "wallets" "Wallet" WHERE (("Wallet"."id" = $1)) LIMIT 1 FOR UPDATE -- PARAMETERS: ["W-A"]
query: UPDATE "wallets" SET "balance" = "balance" - 10, "version" = "version" + 1 WHERE "id" = $1 AND "version" = $2 AND "balance" >= $3 -- PARAMETERS: ["W-A",1,10]
query: SELECT "TransferSaga"."transferId" AS "TransferSaga_transferId", "TransferSaga"."step" AS "TransferSaga_step", "TransferSaga"."dto" AS "TransferSaga_dto", "TransferSaga"."errorMessage" AS "TransferSaga_errorMessage", "TransferSaga"."version" AS "TransferSaga_version", "TransferSaga"."createdAt" AS "TransferSaga_createdAt", "TransferSaga"."updatedAt" AS "TransferSaga_updatedAt" FROM "transfer_sagas" "TransferSaga" WHERE (("TransferSaga"."transferId" = $1)) LIMIT 1 -- PARAMETERS: ["T-CONC-10"]
query: SELECT "TransferSaga"."transferId" AS "TransferSaga_transferId", "TransferSaga"."step" AS "TransferSaga_step", "TransferSaga"."dto" AS "TransferSaga_dto", "TransferSaga"."errorMessage" AS "TransferSaga_errorMessage", "TransferSaga"."version" AS "TransferSaga_version", "TransferSaga"."createdAt" AS "TransferSaga_createdAt", "TransferSaga"."updatedAt" AS "TransferSaga_updatedAt" FROM "transfer_sagas" "TransferSaga" WHERE "TransferSaga"."transferId" IN ($1) -- PARAMETERS: ["T-CONC-10"]
query: START TRANSACTION
query: INSERT INTO "transfer_sagas"("transferId", "step", "dto", "errorMessage", "version", "createdAt", "updatedAt") VALUES ($1, $2, $3, DEFAULT, 1, DEFAULT, DEFAULT) RETURNING "step", "version", "createdAt", "updatedAt" -- PARAMETERS: ["T-CONC-10","STARTED","{\"fromWalletId\":\"W-A\",\"toWalletId\":\"W-B\",\"amount\":10,\"fromCurrency\":\"USD\",\"toCurrency\":\"PEN\"}"]
query: COMMIT
query: INSERT INTO "debit_records"("id", "transferId", "walletId", "amount", "createdAt") VALUES (DEFAULT, $1, $2, $3, DEFAULT) RETURNING "id", "createdAt" -- PARAMETERS: ["T-CONC-9","W-A",10]
[95m[Nest] 15256  - [39m02/04/2026, 15:05:26 [95m  DEBUG[39m [38;5;3m[TransferReadModelProjector] [39m[95mProjecting TransferStartedEvent for T-CONC-10[39m
query: SELECT "TransferReadModel"."transferId" AS "TransferReadModel_transferId", "TransferReadModel"."status" AS "TransferReadModel_status", "TransferReadModel"."fromWallet" AS "TransferReadModel_fromWallet", "TransferReadModel"."toWallet" AS "TransferReadModel_toWallet", "TransferReadModel"."amount" AS "TransferReadModel_amount", "TransferReadModel"."failureReason" AS "TransferReadModel_failureReason", "TransferReadModel"."lastEventVersion" AS "TransferReadModel_lastEventVersion", "TransferReadModel"."createdAt" AS "TransferReadModel_createdAt", "TransferReadModel"."updatedAt" AS "TransferReadModel_updatedAt" FROM "transfer_read_model" "TransferReadModel" WHERE (("TransferReadModel"."transferId" = $1)) LIMIT 1 -- PARAMETERS: ["T-CONC-10"]
query: COMMIT
query: SELECT "TransferReadModel"."transferId" AS "TransferReadModel_transferId", "TransferReadModel"."status" AS "TransferReadModel_status", "TransferReadModel"."fromWallet" AS "TransferReadModel_fromWallet", "TransferReadModel"."toWallet" AS "TransferReadModel_toWallet", "TransferReadModel"."amount" AS "TransferReadModel_amount", "TransferReadModel"."failureReason" AS "TransferReadModel_failureReason", "TransferReadModel"."lastEventVersion" AS "TransferReadModel_lastEventVersion", "TransferReadModel"."createdAt" AS "TransferReadModel_createdAt", "TransferReadModel"."updatedAt" AS "TransferReadModel_updatedAt" FROM "transfer_read_model" "TransferReadModel" WHERE "TransferReadModel"."transferId" IN ($1) -- PARAMETERS: ["T-CONC-10"]
[32m[Nest] 15256  - [39m02/04/2026, 15:05:26 [32m    LOG[39m [38;5;3m[WalletService] [39m[32m[DebitWallet] Debited 10 from wallet W-A for transfer T-CONC-9[39m
query: UPDATE "transfer_sagas" SET "step" = $1, "version" = "version" + 1, "updatedAt" = CURRENT_TIMESTAMP WHERE "transferId" = $2 -- PARAMETERS: ["DEBIT_COMPLETED","T-CONC-9"]
query: START TRANSACTION
query: INSERT INTO "transfer_read_model"("transferId", "status", "fromWallet", "toWallet", "amount", "failureReason", "lastEventVersion", "createdAt", "updatedAt") VALUES ($1, $2, $3, $4, $5, DEFAULT, $6, DEFAULT, DEFAULT) RETURNING "createdAt", "updatedAt" -- PARAMETERS: ["T-CONC-10","pending","W-A","W-B",10,1]
[95m[Nest] 15256  - [39m02/04/2026, 15:05:26 [95m  DEBUG[39m [38;5;3m[TransferReadModelProjector] [39m[95mProjecting TransferStepEvent for T-CONC-9: DEBIT_COMPLETED[39m
query: SELECT "TransferReadModel"."transferId" AS "TransferReadModel_transferId", "TransferReadModel"."status" AS "TransferReadModel_status", "TransferReadModel"."fromWallet" AS "TransferReadModel_fromWallet", "TransferReadModel"."toWallet" AS "TransferReadModel_toWallet", "TransferReadModel"."amount" AS "TransferReadModel_amount", "TransferReadModel"."failureReason" AS "TransferReadModel_failureReason", "TransferReadModel"."lastEventVersion" AS "TransferReadModel_lastEventVersion", "TransferReadModel"."createdAt" AS "TransferReadModel_createdAt", "TransferReadModel"."updatedAt" AS "TransferReadModel_updatedAt" FROM "transfer_read_model" "TransferReadModel" WHERE (("TransferReadModel"."transferId" = $1)) LIMIT 1 -- PARAMETERS: ["T-CONC-9"]
query: COMMIT
query: SELECT "TransferReadModel"."transferId" AS "TransferReadModel_transferId", "TransferReadModel"."status" AS "TransferReadModel_status", "TransferReadModel"."fromWallet" AS "TransferReadModel_fromWallet", "TransferReadModel"."toWallet" AS "TransferReadModel_toWallet", "TransferReadModel"."amount" AS "TransferReadModel_amount", "TransferReadModel"."failureReason" AS "TransferReadModel_failureReason", "TransferReadModel"."lastEventVersion" AS "TransferReadModel_lastEventVersion", "TransferReadModel"."createdAt" AS "TransferReadModel_createdAt", "TransferReadModel"."updatedAt" AS "TransferReadModel_updatedAt" FROM "transfer_read_model" "TransferReadModel" WHERE "TransferReadModel"."transferId" IN ($1) -- PARAMETERS: ["T-CONC-9"]
query: START TRANSACTION
query: UPDATE "transfer_read_model" SET "status" = $1, "lastEventVersion" = $2, "updatedAt" = CURRENT_TIMESTAMP WHERE "transferId" IN ($3) RETURNING "updatedAt" -- PARAMETERS: ["in_progress (DEBIT_COMPLETED)",2,"T-CONC-9"]
query: COMMIT
query: SELECT "TransferSaga"."transferId" AS "TransferSaga_transferId", "TransferSaga"."step" AS "TransferSaga_step", "TransferSaga"."dto" AS "TransferSaga_dto", "TransferSaga"."errorMessage" AS "TransferSaga_errorMessage", "TransferSaga"."version" AS "TransferSaga_version", "TransferSaga"."createdAt" AS "TransferSaga_createdAt", "TransferSaga"."updatedAt" AS "TransferSaga_updatedAt" FROM "transfer_sagas" "TransferSaga" WHERE (("TransferSaga"."transferId" = $1)) LIMIT 1 -- PARAMETERS: ["T-CONC-10"]
query: START TRANSACTION
query: SELECT "Wallet"."id" AS "Wallet_id", "Wallet"."balance" AS "Wallet_balance", "Wallet"."currency" AS "Wallet_currency", "Wallet"."version" AS "Wallet_version" FROM "wallets" "Wallet" WHERE (("Wallet"."id" = $1)) LIMIT 1 FOR UPDATE -- PARAMETERS: ["W-B"]
query: START TRANSACTION
query: SELECT "Wallet"."id" AS "Wallet_id", "Wallet"."balance" AS "Wallet_balance", "Wallet"."currency" AS "Wallet_currency", "Wallet"."version" AS "Wallet_version" FROM "wallets" "Wallet" WHERE (("Wallet"."id" = $1)) LIMIT 1 FOR UPDATE -- PARAMETERS: ["W-A"]
query: UPDATE "wallets" SET "balance" = "balance" - 10, "version" = "version" + 1 WHERE "id" = $1 AND "version" = $2 AND "balance" >= $3 -- PARAMETERS: ["W-A",2,10]
query: UPDATE "wallets" SET "balance" = "balance" + 10, "version" = "version" + 1 WHERE "id" = $1 AND "version" = $2 -- PARAMETERS: ["W-B",1]
query: INSERT INTO "debit_records"("id", "transferId", "walletId", "amount", "createdAt") VALUES (DEFAULT, $1, $2, $3, DEFAULT) RETURNING "id", "createdAt" -- PARAMETERS: ["T-CONC-10","W-A",10]
query: COMMIT
query: COMMIT
[32m[Nest] 15256  - [39m02/04/2026, 15:05:26 [32m    LOG[39m [38;5;3m[WalletService] [39m[32m[CreditWallet] Credited 10 to wallet W-B for transfer T-CONC-9[39m
query: UPDATE "transfer_sagas" SET "step" = $1, "version" = "version" + 1, "updatedAt" = CURRENT_TIMESTAMP WHERE "transferId" = $2 -- PARAMETERS: ["CREDIT_COMPLETED","T-CONC-9"]
[32m[Nest] 15256  - [39m02/04/2026, 15:05:26 [32m    LOG[39m [38;5;3m[WalletService] [39m[32m[DebitWallet] Debited 10 from wallet W-A for transfer T-CONC-10[39m
query: UPDATE "transfer_sagas" SET "step" = $1, "version" = "version" + 1, "updatedAt" = CURRENT_TIMESTAMP WHERE "transferId" = $2 -- PARAMETERS: ["DEBIT_COMPLETED","T-CONC-10"]
[95m[Nest] 15256  - [39m02/04/2026, 15:05:26 [95m  DEBUG[39m [38;5;3m[TransferReadModelProjector] [39m[95mProjecting TransferStepEvent for T-CONC-9: CREDIT_COMPLETED[39m
[32m[Nest] 15256  - [39m02/04/2026, 15:05:26 [32m    LOG[39m [38;5;3m[FxService] [39m[32mSettling FX for transfer T-CONC-9 - 10 USD to PEN[39m
query: SELECT "TransferReadModel"."transferId" AS "TransferReadModel_transferId", "TransferReadModel"."status" AS "TransferReadModel_status", "TransferReadModel"."fromWallet" AS "TransferReadModel_fromWallet", "TransferReadModel"."toWallet" AS "TransferReadModel_toWallet", "TransferReadModel"."amount" AS "TransferReadModel_amount", "TransferReadModel"."failureReason" AS "TransferReadModel_failureReason", "TransferReadModel"."lastEventVersion" AS "TransferReadModel_lastEventVersion", "TransferReadModel"."createdAt" AS "TransferReadModel_createdAt", "TransferReadModel"."updatedAt" AS "TransferReadModel_updatedAt" FROM "transfer_read_model" "TransferReadModel" WHERE (("TransferReadModel"."transferId" = $1)) LIMIT 1 -- PARAMETERS: ["T-CONC-9"]
[95m[Nest] 15256  - [39m02/04/2026, 15:05:26 [95m  DEBUG[39m [38;5;3m[TransferReadModelProjector] [39m[95mProjecting TransferStepEvent for T-CONC-10: DEBIT_COMPLETED[39m
query: SELECT "TransferReadModel"."transferId" AS "TransferReadModel_transferId", "TransferReadModel"."status" AS "TransferReadModel_status", "TransferReadModel"."fromWallet" AS "TransferReadModel_fromWallet", "TransferReadModel"."toWallet" AS "TransferReadModel_toWallet", "TransferReadModel"."amount" AS "TransferReadModel_amount", "TransferReadModel"."failureReason" AS "TransferReadModel_failureReason", "TransferReadModel"."lastEventVersion" AS "TransferReadModel_lastEventVersion", "TransferReadModel"."createdAt" AS "TransferReadModel_createdAt", "TransferReadModel"."updatedAt" AS "TransferReadModel_updatedAt" FROM "transfer_read_model" "TransferReadModel" WHERE (("TransferReadModel"."transferId" = $1)) LIMIT 1 -- PARAMETERS: ["T-CONC-10"]
query: START TRANSACTION
query: SELECT "TransferReadModel"."transferId" AS "TransferReadModel_transferId", "TransferReadModel"."status" AS "TransferReadModel_status", "TransferReadModel"."fromWallet" AS "TransferReadModel_fromWallet", "TransferReadModel"."toWallet" AS "TransferReadModel_toWallet", "TransferReadModel"."amount" AS "TransferReadModel_amount", "TransferReadModel"."failureReason" AS "TransferReadModel_failureReason", "TransferReadModel"."lastEventVersion" AS "TransferReadModel_lastEventVersion", "TransferReadModel"."createdAt" AS "TransferReadModel_createdAt", "TransferReadModel"."updatedAt" AS "TransferReadModel_updatedAt" FROM "transfer_read_model" "TransferReadModel" WHERE "TransferReadModel"."transferId" IN ($1) -- PARAMETERS: ["T-CONC-9"]
query: SELECT "Wallet"."id" AS "Wallet_id", "Wallet"."balance" AS "Wallet_balance", "Wallet"."currency" AS "Wallet_currency", "Wallet"."version" AS "Wallet_version" FROM "wallets" "Wallet" WHERE (("Wallet"."id" = $1)) LIMIT 1 FOR UPDATE -- PARAMETERS: ["W-B"]
query: SELECT "TransferReadModel"."transferId" AS "TransferReadModel_transferId", "TransferReadModel"."status" AS "TransferReadModel_status", "TransferReadModel"."fromWallet" AS "TransferReadModel_fromWallet", "TransferReadModel"."toWallet" AS "TransferReadModel_toWallet", "TransferReadModel"."amount" AS "TransferReadModel_amount", "TransferReadModel"."failureReason" AS "TransferReadModel_failureReason", "TransferReadModel"."lastEventVersion" AS "TransferReadModel_lastEventVersion", "TransferReadModel"."createdAt" AS "TransferReadModel_createdAt", "TransferReadModel"."updatedAt" AS "TransferReadModel_updatedAt" FROM "transfer_read_model" "TransferReadModel" WHERE "TransferReadModel"."transferId" IN ($1) -- PARAMETERS: ["T-CONC-10"]
query: START TRANSACTION
query: UPDATE "wallets" SET "balance" = "balance" + 10, "version" = "version" + 1 WHERE "id" = $1 AND "version" = $2 -- PARAMETERS: ["W-B",2]
query: START TRANSACTION
query: UPDATE "transfer_read_model" SET "status" = $1, "lastEventVersion" = $2, "updatedAt" = CURRENT_TIMESTAMP WHERE "transferId" IN ($3) RETURNING "updatedAt" -- PARAMETERS: ["in_progress (CREDIT_COMPLETED)",3,"T-CONC-9"]
query: COMMIT
query: UPDATE "transfer_read_model" SET "status" = $1, "lastEventVersion" = $2, "updatedAt" = CURRENT_TIMESTAMP WHERE "transferId" IN ($3) RETURNING "updatedAt" -- PARAMETERS: ["in_progress (DEBIT_COMPLETED)",2,"T-CONC-10"]
query: COMMIT
[32m[Nest] 15256  - [39m02/04/2026, 15:05:26 [32m    LOG[39m [38;5;3m[WalletService] [39m[32m[CreditWallet] Credited 10 to wallet W-B for transfer T-CONC-10[39m
query: UPDATE "transfer_sagas" SET "step" = $1, "version" = "version" + 1, "updatedAt" = CURRENT_TIMESTAMP WHERE "transferId" = $2 -- PARAMETERS: ["CREDIT_COMPLETED","T-CONC-10"]
query: COMMIT
[95m[Nest] 15256  - [39m02/04/2026, 15:05:26 [95m  DEBUG[39m [38;5;3m[TransferReadModelProjector] [39m[95mProjecting TransferStepEvent for T-CONC-10: CREDIT_COMPLETED[39m
[32m[Nest] 15256  - [39m02/04/2026, 15:05:26 [32m    LOG[39m [38;5;3m[FxService] [39m[32mSettling FX for transfer T-CONC-10 - 10 USD to PEN[39m
query: SELECT "TransferReadModel"."transferId" AS "TransferReadModel_transferId", "TransferReadModel"."status" AS "TransferReadModel_status", "TransferReadModel"."fromWallet" AS "TransferReadModel_fromWallet", "TransferReadModel"."toWallet" AS "TransferReadModel_toWallet", "TransferReadModel"."amount" AS "TransferReadModel_amount", "TransferReadModel"."failureReason" AS "TransferReadModel_failureReason", "TransferReadModel"."lastEventVersion" AS "TransferReadModel_lastEventVersion", "TransferReadModel"."createdAt" AS "TransferReadModel_createdAt", "TransferReadModel"."updatedAt" AS "TransferReadModel_updatedAt" FROM "transfer_read_model" "TransferReadModel" WHERE (("TransferReadModel"."transferId" = $1)) LIMIT 1 -- PARAMETERS: ["T-CONC-10"]
query: SELECT "TransferReadModel"."transferId" AS "TransferReadModel_transferId", "TransferReadModel"."status" AS "TransferReadModel_status", "TransferReadModel"."fromWallet" AS "TransferReadModel_fromWallet", "TransferReadModel"."toWallet" AS "TransferReadModel_toWallet", "TransferReadModel"."amount" AS "TransferReadModel_amount", "TransferReadModel"."failureReason" AS "TransferReadModel_failureReason", "TransferReadModel"."lastEventVersion" AS "TransferReadModel_lastEventVersion", "TransferReadModel"."createdAt" AS "TransferReadModel_createdAt", "TransferReadModel"."updatedAt" AS "TransferReadModel_updatedAt" FROM "transfer_read_model" "TransferReadModel" WHERE "TransferReadModel"."transferId" IN ($1) -- PARAMETERS: ["T-CONC-10"]
query: START TRANSACTION
query: UPDATE "transfer_read_model" SET "status" = $1, "lastEventVersion" = $2, "updatedAt" = CURRENT_TIMESTAMP WHERE "transferId" IN ($3) RETURNING "updatedAt" -- PARAMETERS: ["in_progress (CREDIT_COMPLETED)",3,"T-CONC-10"]
query: COMMIT
[32m[Nest] 15256  - [39m02/04/2026, 15:05:27 [32m    LOG[39m [38;5;3m[FxService] [39m[32mFX Settled successfully for transfer T-CONC-9[39m
[32m[Nest] 15256  - [39m02/04/2026, 15:05:27 [32m    LOG[39m [38;5;3m[TransferOrchestrator] [39m[32m[SettleFX] Settled for transfer T-CONC-9[39m
query: UPDATE "transfer_sagas" SET "step" = $1, "version" = "version" + 1, "updatedAt" = CURRENT_TIMESTAMP WHERE "transferId" = $2 -- PARAMETERS: ["FX_SETTLED","T-CONC-9"]
[32m[Nest] 15256  - [39m02/04/2026, 15:05:27 [32m    LOG[39m [38;5;3m[TransferOrchestrator] [39m[32m[EmitReceipt] Receipt Emitted for T-CONC-9[39m
query: UPDATE "transfer_sagas" SET "step" = $1, "version" = "version" + 1, "updatedAt" = CURRENT_TIMESTAMP WHERE "transferId" = $2 -- PARAMETERS: ["COMPLETED","T-CONC-9"]
[95m[Nest] 15256  - [39m02/04/2026, 15:05:27 [95m  DEBUG[39m [38;5;3m[TransferReadModelProjector] [39m[95mProjecting TransferCompletedEvent for T-CONC-9[39m
[32m[Nest] 15256  - [39m02/04/2026, 15:05:27 [32m    LOG[39m [38;5;3m[TransferOrchestrator] [39m[32mTransfer T-CONC-9 COMPLETED successfully.[39m
query: SELECT "TransferReadModel"."transferId" AS "TransferReadModel_transferId", "TransferReadModel"."status" AS "TransferReadModel_status", "TransferReadModel"."fromWallet" AS "TransferReadModel_fromWallet", "TransferReadModel"."toWallet" AS "TransferReadModel_toWallet", "TransferReadModel"."amount" AS "TransferReadModel_amount", "TransferReadModel"."failureReason" AS "TransferReadModel_failureReason", "TransferReadModel"."lastEventVersion" AS "TransferReadModel_lastEventVersion", "TransferReadModel"."createdAt" AS "TransferReadModel_createdAt", "TransferReadModel"."updatedAt" AS "TransferReadModel_updatedAt" FROM "transfer_read_model" "TransferReadModel" WHERE (("TransferReadModel"."transferId" = $1)) LIMIT 1 -- PARAMETERS: ["T-CONC-9"]
query: SELECT "TransferReadModel"."transferId" AS "TransferReadModel_transferId", "TransferReadModel"."status" AS "TransferReadModel_status", "TransferReadModel"."fromWallet" AS "TransferReadModel_fromWallet", "TransferReadModel"."toWallet" AS "TransferReadModel_toWallet", "TransferReadModel"."amount" AS "TransferReadModel_amount", "TransferReadModel"."failureReason" AS "TransferReadModel_failureReason", "TransferReadModel"."lastEventVersion" AS "TransferReadModel_lastEventVersion", "TransferReadModel"."createdAt" AS "TransferReadModel_createdAt", "TransferReadModel"."updatedAt" AS "TransferReadModel_updatedAt" FROM "transfer_read_model" "TransferReadModel" WHERE "TransferReadModel"."transferId" IN ($1) -- PARAMETERS: ["T-CONC-9"]
[32m[Nest] 15256  - [39m02/04/2026, 15:05:27 [32m    LOG[39m [38;5;3m[FxService] [39m[32mFX Settled successfully for transfer T-CONC-10[39m
[32m[Nest] 15256  - [39m02/04/2026, 15:05:27 [32m    LOG[39m [38;5;3m[TransferOrchestrator] [39m[32m[SettleFX] Settled for transfer T-CONC-10[39m
query: UPDATE "transfer_sagas" SET "step" = $1, "version" = "version" + 1, "updatedAt" = CURRENT_TIMESTAMP WHERE "transferId" = $2 -- PARAMETERS: ["FX_SETTLED","T-CONC-10"]
query: START TRANSACTION
query: UPDATE "transfer_read_model" SET "status" = $1, "lastEventVersion" = $2, "updatedAt" = CURRENT_TIMESTAMP WHERE "transferId" IN ($3) RETURNING "updatedAt" -- PARAMETERS: ["completed",5,"T-CONC-9"]
[32m[Nest] 15256  - [39m02/04/2026, 15:05:27 [32m    LOG[39m [38;5;3m[TransferOrchestrator] [39m[32m[EmitReceipt] Receipt Emitted for T-CONC-10[39m
query: UPDATE "transfer_sagas" SET "step" = $1, "version" = "version" + 1, "updatedAt" = CURRENT_TIMESTAMP WHERE "transferId" = $2 -- PARAMETERS: ["COMPLETED","T-CONC-10"]
query: COMMIT
[95m[Nest] 15256  - [39m02/04/2026, 15:05:27 [95m  DEBUG[39m [38;5;3m[TransferReadModelProjector] [39m[95mProjecting TransferCompletedEvent for T-CONC-10[39m
[32m[Nest] 15256  - [39m02/04/2026, 15:05:27 [32m    LOG[39m [38;5;3m[TransferOrchestrator] [39m[32mTransfer T-CONC-10 COMPLETED successfully.[39m
query: SELECT "TransferReadModel"."transferId" AS "TransferReadModel_transferId", "TransferReadModel"."status" AS "TransferReadModel_status", "TransferReadModel"."fromWallet" AS "TransferReadModel_fromWallet", "TransferReadModel"."toWallet" AS "TransferReadModel_toWallet", "TransferReadModel"."amount" AS "TransferReadModel_amount", "TransferReadModel"."failureReason" AS "TransferReadModel_failureReason", "TransferReadModel"."lastEventVersion" AS "TransferReadModel_lastEventVersion", "TransferReadModel"."createdAt" AS "TransferReadModel_createdAt", "TransferReadModel"."updatedAt" AS "TransferReadModel_updatedAt" FROM "transfer_read_model" "TransferReadModel" WHERE (("TransferReadModel"."transferId" = $1)) LIMIT 1 -- PARAMETERS: ["T-CONC-10"]
query: SELECT "TransferReadModel"."transferId" AS "TransferReadModel_transferId", "TransferReadModel"."status" AS "TransferReadModel_status", "TransferReadModel"."fromWallet" AS "TransferReadModel_fromWallet", "TransferReadModel"."toWallet" AS "TransferReadModel_toWallet", "TransferReadModel"."amount" AS "TransferReadModel_amount", "TransferReadModel"."failureReason" AS "TransferReadModel_failureReason", "TransferReadModel"."lastEventVersion" AS "TransferReadModel_lastEventVersion", "TransferReadModel"."createdAt" AS "TransferReadModel_createdAt", "TransferReadModel"."updatedAt" AS "TransferReadModel_updatedAt" FROM "transfer_read_model" "TransferReadModel" WHERE "TransferReadModel"."transferId" IN ($1) -- PARAMETERS: ["T-CONC-10"]
query: START TRANSACTION
query: UPDATE "transfer_read_model" SET "status" = $1, "lastEventVersion" = $2, "updatedAt" = CURRENT_TIMESTAMP WHERE "transferId" IN ($3) RETURNING "updatedAt" -- PARAMETERS: ["completed",5,"T-CONC-10"]
query: COMMIT
query: SELECT "Wallet"."id" AS "Wallet_id", "Wallet"."balance" AS "Wallet_balance", "Wallet"."currency" AS "Wallet_currency", "Wallet"."version" AS "Wallet_version" FROM "wallets" "Wallet" WHERE (("Wallet"."id" = $1)) LIMIT 1 -- PARAMETERS: ["W-A"]
query: SELECT "TransferSaga"."transferId" AS "TransferSaga_transferId", "TransferSaga"."step" AS "TransferSaga_step", "TransferSaga"."dto" AS "TransferSaga_dto", "TransferSaga"."errorMessage" AS "TransferSaga_errorMessage", "TransferSaga"."version" AS "TransferSaga_version", "TransferSaga"."createdAt" AS "TransferSaga_createdAt", "TransferSaga"."updatedAt" AS "TransferSaga_updatedAt" FROM "transfer_sagas" "TransferSaga" WHERE (("TransferSaga"."transferId" = $1)) LIMIT 1 -- PARAMETERS: ["T-timeout-1"]
query: SELECT "TransferReadModel"."transferId" AS "TransferReadModel_transferId", "TransferReadModel"."status" AS "TransferReadModel_status", "TransferReadModel"."fromWallet" AS "TransferReadModel_fromWallet", "TransferReadModel"."toWallet" AS "TransferReadModel_toWallet", "TransferReadModel"."amount" AS "TransferReadModel_amount", "TransferReadModel"."failureReason" AS "TransferReadModel_failureReason", "TransferReadModel"."lastEventVersion" AS "TransferReadModel_lastEventVersion", "TransferReadModel"."createdAt" AS "TransferReadModel_createdAt", "TransferReadModel"."updatedAt" AS "TransferReadModel_updatedAt" FROM "transfer_read_model" "TransferReadModel" WHERE (("TransferReadModel"."transferId" = $1)) LIMIT 1 -- PARAMETERS: ["T-timeout-1"]
